{"contracts\\Raffle.sol":{"l":{"67":3,"68":3,"69":3,"70":3,"71":3,"72":3,"73":3,"74":3,"78":12,"79":11,"80":10,"81":10,"102":11,"103":11,"104":11,"105":11,"106":11,"110":7,"111":7,"112":1,"117":6,"118":6,"125":6,"132":0,"133":0,"136":0,"137":0,"138":0,"139":0,"141":0,"142":0,"143":0,"149":15,"153":1,"157":0,"161":3,"165":0,"169":0,"173":0,"177":0,"181":15,"185":1,"189":1,"193":1,"201":1},"path":"D:\\programming\\fcc-solidity\\hardhat-raffle\\contracts\\Raffle.sol","s":{"1":12,"2":11,"3":10,"4":10,"5":11,"6":11,"7":11,"8":11,"9":7,"10":7,"11":6,"12":6,"13":0,"14":0,"15":0,"16":0,"17":0,"18":15,"19":1,"20":0,"21":3,"22":0,"23":0,"24":0,"25":0,"26":15,"27":1,"28":1,"29":1,"30":1},"b":{"1":[1,11],"2":[1,10],"3":[1,6],"4":[0,0]},"f":{"1":3,"2":12,"3":11,"4":7,"5":0,"6":15,"7":1,"8":0,"9":3,"10":0,"11":0,"12":0,"13":0,"14":15,"15":1,"16":1,"17":1,"18":1},"fnMap":{"1":{"name":"constructor","line":66,"loc":{"start":{"line":59,"column":4},"end":{"line":75,"column":4}}},"2":{"name":"enterRaffle","line":77,"loc":{"start":{"line":77,"column":4},"end":{"line":82,"column":4}}},"3":{"name":"checkUpkeep","line":94,"loc":{"start":{"line":94,"column":4},"end":{"line":107,"column":4}}},"4":{"name":"performUpkeep","line":109,"loc":{"start":{"line":109,"column":4},"end":{"line":126,"column":4}}},"5":{"name":"fulfillRandomWords","line":128,"loc":{"start":{"line":128,"column":4},"end":{"line":144,"column":4}}},"6":{"name":"getEntranceFee","line":148,"loc":{"start":{"line":148,"column":4},"end":{"line":150,"column":4}}},"7":{"name":"getPlayer","line":152,"loc":{"start":{"line":152,"column":4},"end":{"line":154,"column":4}}},"8":{"name":"getRecentWinner","line":156,"loc":{"start":{"line":156,"column":4},"end":{"line":158,"column":4}}},"9":{"name":"getRaffleState","line":160,"loc":{"start":{"line":160,"column":4},"end":{"line":162,"column":4}}},"10":{"name":"getNumberOfPlayers","line":164,"loc":{"start":{"line":164,"column":4},"end":{"line":166,"column":4}}},"11":{"name":"getLastTimeStamp","line":168,"loc":{"start":{"line":168,"column":4},"end":{"line":170,"column":4}}},"12":{"name":"getNumWords","line":172,"loc":{"start":{"line":172,"column":4},"end":{"line":174,"column":4}}},"13":{"name":"getRequestConfirmations","line":176,"loc":{"start":{"line":176,"column":4},"end":{"line":178,"column":4}}},"14":{"name":"getInterval","line":180,"loc":{"start":{"line":180,"column":4},"end":{"line":182,"column":4}}},"15":{"name":"getGasLane","line":184,"loc":{"start":{"line":184,"column":4},"end":{"line":186,"column":4}}},"16":{"name":"getSubId","line":188,"loc":{"start":{"line":188,"column":4},"end":{"line":190,"column":4}}},"17":{"name":"getCallbackGasLimit","line":192,"loc":{"start":{"line":192,"column":4},"end":{"line":194,"column":4}}},"18":{"name":"getVRFCoordinator","line":196,"loc":{"start":{"line":196,"column":4},"end":{"line":202,"column":4}}}},"statementMap":{"1":{"start":{"line":78,"column":8},"end":{"line":78,"column":73}},"2":{"start":{"line":79,"column":8},"end":{"line":79,"column":71}},"3":{"start":{"line":80,"column":8},"end":{"line":80,"column":42}},"4":{"start":{"line":81,"column":8},"end":{"line":81,"column":36}},"5":{"start":{"line":102,"column":8},"end":{"line":102,"column":76}},"6":{"start":{"line":103,"column":8},"end":{"line":103,"column":48}},"7":{"start":{"line":104,"column":8},"end":{"line":104,"column":53}},"8":{"start":{"line":105,"column":8},"end":{"line":105,"column":57}},"9":{"start":{"line":110,"column":8},"end":{"line":110,"column":47}},"10":{"start":{"line":111,"column":8},"end":{"line":111,"column":4079}},"11":{"start":{"line":118,"column":8},"end":{"line":118,"column":4329}},"12":{"start":{"line":125,"column":8},"end":{"line":125,"column":45}},"13":{"start":{"line":132,"column":8},"end":{"line":132,"column":65}},"14":{"start":{"line":133,"column":8},"end":{"line":133,"column":63}},"15":{"start":{"line":141,"column":8},"end":{"line":141,"column":78}},"16":{"start":{"line":142,"column":8},"end":{"line":142,"column":53}},"17":{"start":{"line":143,"column":8},"end":{"line":143,"column":39}},"18":{"start":{"line":149,"column":8},"end":{"line":149,"column":28}},"19":{"start":{"line":153,"column":8},"end":{"line":153,"column":32}},"20":{"start":{"line":157,"column":8},"end":{"line":157,"column":29}},"21":{"start":{"line":161,"column":8},"end":{"line":161,"column":28}},"22":{"start":{"line":165,"column":8},"end":{"line":165,"column":31}},"23":{"start":{"line":169,"column":8},"end":{"line":169,"column":30}},"24":{"start":{"line":173,"column":8},"end":{"line":173,"column":24}},"25":{"start":{"line":177,"column":8},"end":{"line":177,"column":36}},"26":{"start":{"line":181,"column":8},"end":{"line":181,"column":25}},"27":{"start":{"line":185,"column":8},"end":{"line":185,"column":24}},"28":{"start":{"line":189,"column":8},"end":{"line":189,"column":31}},"29":{"start":{"line":193,"column":8},"end":{"line":193,"column":33}},"30":{"start":{"line":201,"column":8},"end":{"line":201,"column":31}}},"branchMap":{"1":{"line":78,"type":"if","locations":[{"start":{"line":78,"column":8},"end":{"line":78,"column":8}},{"start":{"line":78,"column":8},"end":{"line":78,"column":8}}]},"2":{"line":79,"type":"if","locations":[{"start":{"line":79,"column":8},"end":{"line":79,"column":8}},{"start":{"line":79,"column":8},"end":{"line":79,"column":8}}]},"3":{"line":111,"type":"if","locations":[{"start":{"line":111,"column":8},"end":{"line":111,"column":8}},{"start":{"line":111,"column":8},"end":{"line":111,"column":8}}]},"4":{"line":142,"type":"if","locations":[{"start":{"line":142,"column":8},"end":{"line":142,"column":8}},{"start":{"line":142,"column":8},"end":{"line":142,"column":8}}]}}},"contracts\\test\\VRFCoordinatorV2Mock.sol":{"l":{},"path":"D:\\programming\\fcc-solidity\\hardhat-raffle\\contracts\\test\\VRFCoordinatorV2Mock.sol","s":{},"b":{},"f":{},"fnMap":{},"statementMap":{},"branchMap":{}}}