TN:
SF:D:\programming\fcc-solidity\hardhat-raffle\contracts\Raffle.sol
FN:66,constructor
FN:77,enterRaffle
FN:94,checkUpkeep
FN:109,performUpkeep
FN:128,fulfillRandomWords
FN:148,getEntranceFee
FN:152,getPlayer
FN:156,getRecentWinner
FN:160,getRaffleState
FN:164,getNumberOfPlayers
FN:168,getLastTimeStamp
FN:172,getNumWords
FN:176,getRequestConfirmations
FN:180,getInterval
FN:184,getGasLane
FN:188,getSubId
FN:192,getCallbackGasLimit
FN:196,getVRFCoordinator
FNF:18
FNH:12
FNDA:3,constructor
FNDA:5,enterRaffle
FNDA:1,checkUpkeep
FNDA:1,performUpkeep
FNDA:0,fulfillRandomWords
FNDA:6,getEntranceFee
FNDA:1,getPlayer
FNDA:0,getRecentWinner
FNDA:1,getRaffleState
FNDA:0,getNumberOfPlayers
FNDA:0,getLastTimeStamp
FNDA:0,getNumWords
FNDA:0,getRequestConfirmations
FNDA:6,getInterval
FNDA:1,getGasLane
FNDA:1,getSubId
FNDA:1,getCallbackGasLimit
FNDA:1,getVRFCoordinator
DA:67,3
DA:68,3
DA:69,3
DA:70,3
DA:71,3
DA:72,3
DA:73,3
DA:74,3
DA:78,5
DA:79,4
DA:80,3
DA:81,3
DA:102,1
DA:103,1
DA:104,1
DA:105,1
DA:106,1
DA:110,1
DA:111,1
DA:112,0
DA:117,1
DA:118,1
DA:125,1
DA:132,0
DA:133,0
DA:136,0
DA:137,0
DA:138,0
DA:139,0
DA:141,0
DA:142,0
DA:143,0
DA:149,6
DA:153,1
DA:157,0
DA:161,1
DA:165,0
DA:169,0
DA:173,0
DA:177,0
DA:181,6
DA:185,1
DA:189,1
DA:193,1
DA:201,1
LF:45
LH:30
BRDA:78,1,0,1
BRDA:78,1,1,4
BRDA:79,2,0,1
BRDA:79,2,1,3
BRDA:111,3,0,0
BRDA:111,3,1,1
BRDA:142,4,0,0
BRDA:142,4,1,0
BRF:8
BRH:5
end_of_record
TN:
SF:D:\programming\fcc-solidity\hardhat-raffle\contracts\test\VRFCoordinatorV2Mock.sol
FNF:0
FNH:0
LF:0
LH:0
BRF:0
BRH:0
end_of_record
